<?xml version="1.0" encoding="UTF-8"?>
<!-- Generated by org.testng.reporters.JUnitReportReporter -->
<testsuite skipped="0" hostname="MSI" name="testCases.TestCase001" tests="1" failures="0" timestamp="27 Aug 2018 04:26:25 GMT" time="5.591" errors="0">
  <testcase name="tc001" time="5.591" classname="testCases.TestCase001"/>
</testsuite> <!-- testCases.TestCase001 -->
